[INFO ] 2019-11-14T09:45:56,111Z [driver-pool-thread-0] config.ConfigHelper.loadConfig - Config:
{
    # reference.conf @ jar:file:/Users/minseongkim/.gradle/caches/modules-2/files-2.1/net.corda/corda-node/3.3-corda/c617459a941380101a1bf44d91674959c940165d/corda-node-3.3-corda.jar!/reference.conf: 20
    "activeMQServer" : {
        # reference.conf @ jar:file:/Users/minseongkim/.gradle/caches/modules-2/files-2.1/net.corda/corda-node/3.3-corda/c617459a941380101a1bf44d91674959c940165d/corda-node-3.3-corda.jar!/reference.conf: 21
        "bridge" : {
            # reference.conf @ jar:file:/Users/minseongkim/.gradle/caches/modules-2/files-2.1/net.corda/corda-node/3.3-corda/c617459a941380101a1bf44d91674959c940165d/corda-node-3.3-corda.jar!/reference.conf: 24
            "maxRetryIntervalMin" : 3,
            # reference.conf @ jar:file:/Users/minseongkim/.gradle/caches/modules-2/files-2.1/net.corda/corda-node/3.3-corda/c617459a941380101a1bf44d91674959c940165d/corda-node-3.3-corda.jar!/reference.conf: 22
            "retryIntervalMs" : 5000,
            # reference.conf @ jar:file:/Users/minseongkim/.gradle/caches/modules-2/files-2.1/net.corda/corda-node/3.3-corda/c617459a941380101a1bf44d91674959c940165d/corda-node-3.3-corda.jar!/reference.conf: 23
            "retryIntervalMultiplier" : 1.5
        }
    },
    # hardcoded value
    "baseDirectory" : "/Users/minseongkim/cordapp-example/build/20191114-094538.665/NotaryService",
    # merge of reference.conf @ jar:file:/Users/minseongkim/.gradle/caches/modules-2/files-2.1/net.corda/corda-node/3.3-corda/c617459a941380101a1bf44d91674959c940165d/corda-node-3.3-corda.jar!/reference.conf: 6,reference.conf @ jar:file:/Users/minseongkim/.gradle/caches/modules-2/files-2.1/net.corda/corda/3.3-corda/c634cc8e8d8d4440532a3da10d09ca080486319b/corda-3.3-corda.jar!/reference.conf: 6,reference.conf @ jar:file:/Users/minseongkim/.gradle/caches/modules-2/files-2.1/net.corda/corda-webserver/3.3-corda/676d262432ac6c4e59cb139fd104221b967522b9/corda-webserver-3.3-corda.jar!/reference.conf: 6
    "dataSourceProperties" : {
        # reference.conf @ jar:file:/Users/minseongkim/.gradle/caches/modules-2/files-2.1/net.corda/corda-node/3.3-corda/c617459a941380101a1bf44d91674959c940165d/corda-node-3.3-corda.jar!/reference.conf: 10
        "dataSource.password" : "",
        # merge of reference.conf @ jar:file:/Users/minseongkim/.gradle/caches/modules-2/files-2.1/net.corda/corda-node/3.3-corda/c617459a941380101a1bf44d91674959c940165d/corda-node-3.3-corda.jar!/reference.conf: 8,hardcoded value,reference.conf @ jar:file:/Users/minseongkim/.gradle/caches/modules-2/files-2.1/net.corda/corda-node/3.3-corda/c617459a941380101a1bf44d91674959c940165d/corda-node-3.3-corda.jar!/reference.conf: 8,reference.conf @ jar:file:/Users/minseongkim/.gradle/caches/modules-2/files-2.1/net.corda/corda-node/3.3-corda/c617459a941380101a1bf44d91674959c940165d/corda-node-3.3-corda.jar!/reference.conf: 17
        "dataSource.url" : "jdbc:h2:file:/Users/minseongkim/cordapp-example/build/20191114-094538.665/NotaryService/persistence;DB_CLOSE_ON_EXIT=FALSE;LOCK_TIMEOUT=10000;WRITE_DELAY=100;AUTO_SERVER_PORT=0",
        # reference.conf @ jar:file:/Users/minseongkim/.gradle/caches/modules-2/files-2.1/net.corda/corda-node/3.3-corda/c617459a941380101a1bf44d91674959c940165d/corda-node-3.3-corda.jar!/reference.conf: 9
        "dataSource.user" : "sa",
        # reference.conf @ jar:file:/Users/minseongkim/.gradle/caches/modules-2/files-2.1/net.corda/corda-node/3.3-corda/c617459a941380101a1bf44d91674959c940165d/corda-node-3.3-corda.jar!/reference.conf: 7
        "dataSourceClassName" : "org.h2.jdbcx.JdbcDataSource"
    },
    # reference.conf @ jar:file:/Users/minseongkim/.gradle/caches/modules-2/files-2.1/net.corda/corda-node/3.3-corda/c617459a941380101a1bf44d91674959c940165d/corda-node-3.3-corda.jar!/reference.conf: 12
    "database" : {
        # reference.conf @ jar:file:/Users/minseongkim/.gradle/caches/modules-2/files-2.1/net.corda/corda-node/3.3-corda/c617459a941380101a1bf44d91674959c940165d/corda-node-3.3-corda.jar!/reference.conf: 14
        "exportHibernateJMXStatistics" : "false",
        # reference.conf @ jar:file:/Users/minseongkim/.gradle/caches/modules-2/files-2.1/net.corda/corda-node/3.3-corda/c617459a941380101a1bf44d91674959c940165d/corda-node-3.3-corda.jar!/reference.conf: 13
        "transactionIsolationLevel" : "REPEATABLE_READ"
    },
    # reference.conf @ jar:file:/Users/minseongkim/.gradle/caches/modules-2/files-2.1/net.corda/corda-node/3.3-corda/c617459a941380101a1bf44d91674959c940165d/corda-node-3.3-corda.jar!/reference.conf: 16
    "devMode" : true,
    # reference.conf @ jar:file:/Users/minseongkim/.gradle/caches/modules-2/files-2.1/net.corda/corda-node/3.3-corda/c617459a941380101a1bf44d91674959c940165d/corda-node-3.3-corda.jar!/reference.conf: 2
    "emailAddress" : "admin@company.com",
    # reference.conf @ jar:file:/Users/minseongkim/.gradle/caches/modules-2/files-2.1/net.corda/corda-node/3.3-corda/c617459a941380101a1bf44d91674959c940165d/corda-node-3.3-corda.jar!/reference.conf: 3
    "exportJMXto" : "http",
    # reference.conf @ jar:file:/Users/minseongkim/.gradle/caches/modules-2/files-2.1/net.corda/corda-node/3.3-corda/c617459a941380101a1bf44d91674959c940165d/corda-node-3.3-corda.jar!/reference.conf: 31
    "flowTimeout" : {
        # reference.conf @ jar:file:/Users/minseongkim/.gradle/caches/modules-2/files-2.1/net.corda/corda-node/3.3-corda/c617459a941380101a1bf44d91674959c940165d/corda-node-3.3-corda.jar!/reference.conf: 34
        "backoffBase" : 1.8,
        # reference.conf @ jar:file:/Users/minseongkim/.gradle/caches/modules-2/files-2.1/net.corda/corda-node/3.3-corda/c617459a941380101a1bf44d91674959c940165d/corda-node-3.3-corda.jar!/reference.conf: 33
        "maxRestartCount" : 5,
        # reference.conf @ jar:file:/Users/minseongkim/.gradle/caches/modules-2/files-2.1/net.corda/corda-node/3.3-corda/c617459a941380101a1bf44d91674959c940165d/corda-node-3.3-corda.jar!/reference.conf: 32
        "timeout" : "30 seconds"
    },
    # reference.conf @ jar:file:/Users/minseongkim/.gradle/caches/modules-2/files-2.1/net.corda/corda-node/3.3-corda/c617459a941380101a1bf44d91674959c940165d/corda-node-3.3-corda.jar!/reference.conf: 17
    "h2port" : 0,
    # reference.conf @ jar:file:/Users/minseongkim/.gradle/caches/modules-2/files-2.1/net.corda/corda-node/3.3-corda/c617459a941380101a1bf44d91674959c940165d/corda-node-3.3-corda.jar!/reference.conf: 4
    "keyStorePassword" : "cordacadevpass",
    # hardcoded value
    "myLegalName" : "O=Notary Service, L=Zurich, C=CH",
    # hardcoded value
    "notary" : {
        # hardcoded value
        "custom" : false,
        # hardcoded value
        "validating" : true
    },
    # hardcoded value
    "p2pAddress" : "localhost:10003",
    # merge of hardcoded value,reference.conf @ jar:file:/Users/minseongkim/.gradle/caches/modules-2/files-2.1/net.corda/corda-node/3.3-corda/c617459a941380101a1bf44d91674959c940165d/corda-node-3.3-corda.jar!/reference.conf: 27
    "rpcSettings" : {
        # hardcoded value
        "address" : "localhost:10004",
        # hardcoded value
        "adminAddress" : "localhost:10005",
        # reference.conf @ jar:file:/Users/minseongkim/.gradle/caches/modules-2/files-2.1/net.corda/corda-node/3.3-corda/c617459a941380101a1bf44d91674959c940165d/corda-node-3.3-corda.jar!/reference.conf: 29
        "standAloneBroker" : false,
        # reference.conf @ jar:file:/Users/minseongkim/.gradle/caches/modules-2/files-2.1/net.corda/corda-node/3.3-corda/c617459a941380101a1bf44d91674959c940165d/corda-node-3.3-corda.jar!/reference.conf: 28
        "useSsl" : false
    },
    # hardcoded value
    "rpcUsers" : [
        # hardcoded value
        {
            # hardcoded value
            "password" : "default",
            # hardcoded value
            "permissions" : [
                # hardcoded value
                "ALL"
            ],
            # hardcoded value
            "username" : "default"
        }
    ],
    # reference.conf @ jar:file:/Users/minseongkim/.gradle/caches/modules-2/files-2.1/net.corda/corda-node/3.3-corda/c617459a941380101a1bf44d91674959c940165d/corda-node-3.3-corda.jar!/reference.conf: 5
    "trustStorePassword" : "trustpass",
    # hardcoded value
    "useTestClock" : false,
    # hardcoded value
    "verifierType" : "InMemory",
    # hardcoded value
    "webAddress" : "localhost:10006"
}
 {}
[INFO ] 2019-11-14T09:45:56,682Z [driver-pool-thread-0] network.NodeInfoFilesCopier.addConfig - Now watching: /Users/minseongkim/cordapp-example/build/20191114-094538.665/NotaryService {}
[INFO ] 2019-11-14T09:45:56,704Z [driver-pool-thread-0] internal.DriverDSLImpl.startOutOfProcessNode - Starting out-of-process Node Notary Service, debug port is not enabled, jolokia monitoring port is not enabled {}
[INFO ] 2019-11-14T09:45:56,826Z [driver-pool-thread-0] config.ConfigHelper.loadConfig - Config:
{
    # reference.conf @ jar:file:/Users/minseongkim/.gradle/caches/modules-2/files-2.1/net.corda/corda-node/3.3-corda/c617459a941380101a1bf44d91674959c940165d/corda-node-3.3-corda.jar!/reference.conf: 20
    "activeMQServer" : {
        # reference.conf @ jar:file:/Users/minseongkim/.gradle/caches/modules-2/files-2.1/net.corda/corda-node/3.3-corda/c617459a941380101a1bf44d91674959c940165d/corda-node-3.3-corda.jar!/reference.conf: 21
        "bridge" : {
            # reference.conf @ jar:file:/Users/minseongkim/.gradle/caches/modules-2/files-2.1/net.corda/corda-node/3.3-corda/c617459a941380101a1bf44d91674959c940165d/corda-node-3.3-corda.jar!/reference.conf: 24
            "maxRetryIntervalMin" : 3,
            # reference.conf @ jar:file:/Users/minseongkim/.gradle/caches/modules-2/files-2.1/net.corda/corda-node/3.3-corda/c617459a941380101a1bf44d91674959c940165d/corda-node-3.3-corda.jar!/reference.conf: 22
            "retryIntervalMs" : 5000,
            # reference.conf @ jar:file:/Users/minseongkim/.gradle/caches/modules-2/files-2.1/net.corda/corda-node/3.3-corda/c617459a941380101a1bf44d91674959c940165d/corda-node-3.3-corda.jar!/reference.conf: 23
            "retryIntervalMultiplier" : 1.5
        }
    },
    # hardcoded value
    "baseDirectory" : "/Users/minseongkim/cordapp-example/build/20191114-094538.665/PartyC",
    # merge of reference.conf @ jar:file:/Users/minseongkim/.gradle/caches/modules-2/files-2.1/net.corda/corda-node/3.3-corda/c617459a941380101a1bf44d91674959c940165d/corda-node-3.3-corda.jar!/reference.conf: 6,reference.conf @ jar:file:/Users/minseongkim/.gradle/caches/modules-2/files-2.1/net.corda/corda/3.3-corda/c634cc8e8d8d4440532a3da10d09ca080486319b/corda-3.3-corda.jar!/reference.conf: 6,reference.conf @ jar:file:/Users/minseongkim/.gradle/caches/modules-2/files-2.1/net.corda/corda-webserver/3.3-corda/676d262432ac6c4e59cb139fd104221b967522b9/corda-webserver-3.3-corda.jar!/reference.conf: 6
    "dataSourceProperties" : {
        # reference.conf @ jar:file:/Users/minseongkim/.gradle/caches/modules-2/files-2.1/net.corda/corda-node/3.3-corda/c617459a941380101a1bf44d91674959c940165d/corda-node-3.3-corda.jar!/reference.conf: 10
        "dataSource.password" : "",
        # merge of reference.conf @ jar:file:/Users/minseongkim/.gradle/caches/modules-2/files-2.1/net.corda/corda-node/3.3-corda/c617459a941380101a1bf44d91674959c940165d/corda-node-3.3-corda.jar!/reference.conf: 8,hardcoded value,reference.conf @ jar:file:/Users/minseongkim/.gradle/caches/modules-2/files-2.1/net.corda/corda-node/3.3-corda/c617459a941380101a1bf44d91674959c940165d/corda-node-3.3-corda.jar!/reference.conf: 8,reference.conf @ jar:file:/Users/minseongkim/.gradle/caches/modules-2/files-2.1/net.corda/corda-node/3.3-corda/c617459a941380101a1bf44d91674959c940165d/corda-node-3.3-corda.jar!/reference.conf: 17
        "dataSource.url" : "jdbc:h2:file:/Users/minseongkim/cordapp-example/build/20191114-094538.665/PartyC/persistence;DB_CLOSE_ON_EXIT=FALSE;LOCK_TIMEOUT=10000;WRITE_DELAY=100;AUTO_SERVER_PORT=0",
        # reference.conf @ jar:file:/Users/minseongkim/.gradle/caches/modules-2/files-2.1/net.corda/corda-node/3.3-corda/c617459a941380101a1bf44d91674959c940165d/corda-node-3.3-corda.jar!/reference.conf: 9
        "dataSource.user" : "sa",
        # reference.conf @ jar:file:/Users/minseongkim/.gradle/caches/modules-2/files-2.1/net.corda/corda-node/3.3-corda/c617459a941380101a1bf44d91674959c940165d/corda-node-3.3-corda.jar!/reference.conf: 7
        "dataSourceClassName" : "org.h2.jdbcx.JdbcDataSource"
    },
    # reference.conf @ jar:file:/Users/minseongkim/.gradle/caches/modules-2/files-2.1/net.corda/corda-node/3.3-corda/c617459a941380101a1bf44d91674959c940165d/corda-node-3.3-corda.jar!/reference.conf: 12
    "database" : {
        # reference.conf @ jar:file:/Users/minseongkim/.gradle/caches/modules-2/files-2.1/net.corda/corda-node/3.3-corda/c617459a941380101a1bf44d91674959c940165d/corda-node-3.3-corda.jar!/reference.conf: 14
        "exportHibernateJMXStatistics" : "false",
        # reference.conf @ jar:file:/Users/minseongkim/.gradle/caches/modules-2/files-2.1/net.corda/corda-node/3.3-corda/c617459a941380101a1bf44d91674959c940165d/corda-node-3.3-corda.jar!/reference.conf: 13
        "transactionIsolationLevel" : "REPEATABLE_READ"
    },
    # reference.conf @ jar:file:/Users/minseongkim/.gradle/caches/modules-2/files-2.1/net.corda/corda-node/3.3-corda/c617459a941380101a1bf44d91674959c940165d/corda-node-3.3-corda.jar!/reference.conf: 16
    "devMode" : true,
    # reference.conf @ jar:file:/Users/minseongkim/.gradle/caches/modules-2/files-2.1/net.corda/corda-node/3.3-corda/c617459a941380101a1bf44d91674959c940165d/corda-node-3.3-corda.jar!/reference.conf: 2
    "emailAddress" : "admin@company.com",
    # reference.conf @ jar:file:/Users/minseongkim/.gradle/caches/modules-2/files-2.1/net.corda/corda-node/3.3-corda/c617459a941380101a1bf44d91674959c940165d/corda-node-3.3-corda.jar!/reference.conf: 3
    "exportJMXto" : "http",
    # reference.conf @ jar:file:/Users/minseongkim/.gradle/caches/modules-2/files-2.1/net.corda/corda-node/3.3-corda/c617459a941380101a1bf44d91674959c940165d/corda-node-3.3-corda.jar!/reference.conf: 31
    "flowTimeout" : {
        # reference.conf @ jar:file:/Users/minseongkim/.gradle/caches/modules-2/files-2.1/net.corda/corda-node/3.3-corda/c617459a941380101a1bf44d91674959c940165d/corda-node-3.3-corda.jar!/reference.conf: 34
        "backoffBase" : 1.8,
        # reference.conf @ jar:file:/Users/minseongkim/.gradle/caches/modules-2/files-2.1/net.corda/corda-node/3.3-corda/c617459a941380101a1bf44d91674959c940165d/corda-node-3.3-corda.jar!/reference.conf: 33
        "maxRestartCount" : 5,
        # reference.conf @ jar:file:/Users/minseongkim/.gradle/caches/modules-2/files-2.1/net.corda/corda-node/3.3-corda/c617459a941380101a1bf44d91674959c940165d/corda-node-3.3-corda.jar!/reference.conf: 32
        "timeout" : "30 seconds"
    },
    # reference.conf @ jar:file:/Users/minseongkim/.gradle/caches/modules-2/files-2.1/net.corda/corda-node/3.3-corda/c617459a941380101a1bf44d91674959c940165d/corda-node-3.3-corda.jar!/reference.conf: 17
    "h2port" : 0,
    # reference.conf @ jar:file:/Users/minseongkim/.gradle/caches/modules-2/files-2.1/net.corda/corda-node/3.3-corda/c617459a941380101a1bf44d91674959c940165d/corda-node-3.3-corda.jar!/reference.conf: 4
    "keyStorePassword" : "cordacadevpass",
    # hardcoded value
    "myLegalName" : "O=PartyC, L=Paris, C=FR",
    # hardcoded value
    "p2pAddress" : "localhost:10002",
    # merge of hardcoded value,reference.conf @ jar:file:/Users/minseongkim/.gradle/caches/modules-2/files-2.1/net.corda/corda-node/3.3-corda/c617459a941380101a1bf44d91674959c940165d/corda-node-3.3-corda.jar!/reference.conf: 27
    "rpcSettings" : {
        # hardcoded value
        "address" : "localhost:10014",
        # hardcoded value
        "adminAddress" : "localhost:10054",
        # reference.conf @ jar:file:/Users/minseongkim/.gradle/caches/modules-2/files-2.1/net.corda/corda-node/3.3-corda/c617459a941380101a1bf44d91674959c940165d/corda-node-3.3-corda.jar!/reference.conf: 29
        "standAloneBroker" : false,
        # reference.conf @ jar:file:/Users/minseongkim/.gradle/caches/modules-2/files-2.1/net.corda/corda-node/3.3-corda/c617459a941380101a1bf44d91674959c940165d/corda-node-3.3-corda.jar!/reference.conf: 28
        "useSsl" : false
    },
    # hardcoded value
    "rpcUsers" : [
        # hardcoded value
        {
            # hardcoded value
            "password" : "test",
            # hardcoded value
            "permissions" : [
                # hardcoded value
                "ALL",
                # hardcoded value
                "InvokeRpc.nodeInfo",
                # hardcoded value
                "InvokeRpc.networkMapFeed",
                # hardcoded value
                "InvokeRpc.networkMapSnapshot",
                # hardcoded value
                "InvokeRpc.notaryIdentities",
                # hardcoded value
                "InvokeRpc.stateMachinesFeed",
                # hardcoded value
                "InvokeRpc.stateMachineRecordedTransactionMappingFeed",
                # hardcoded value
                "InvokeRpc.nodeInfoFromParty",
                # hardcoded value
                "InvokeRpc.internalVerifiedTransactionsFeed",
                # hardcoded value
                "InvokeRpc.vaultQueryBy",
                # hardcoded value
                "InvokeRpc.vaultTrackBy",
                # hardcoded value
                "InvokeRpc.registeredFlows"
            ],
            # hardcoded value
            "username" : "user1"
        }
    ],
    # reference.conf @ jar:file:/Users/minseongkim/.gradle/caches/modules-2/files-2.1/net.corda/corda-node/3.3-corda/c617459a941380101a1bf44d91674959c940165d/corda-node-3.3-corda.jar!/reference.conf: 5
    "trustStorePassword" : "trustpass",
    # hardcoded value
    "useTestClock" : false,
    # hardcoded value
    "verifierType" : "InMemory",
    # hardcoded value
    "webAddress" : "localhost:10015"
}
 {}
[INFO ] 2019-11-14T09:45:56,871Z [driver-pool-thread-0] network.NodeInfoFilesCopier.addConfig - Now watching: /Users/minseongkim/cordapp-example/build/20191114-094538.665/PartyC {}
[INFO ] 2019-11-14T09:45:56,889Z [driver-pool-thread-0] internal.DriverDSLImpl.startOutOfProcessNode - Starting out-of-process Node PartyC, debug port is not enabled, jolokia monitoring port is not enabled {}
[INFO ] 2019-11-14T09:45:56,988Z [driver-pool-thread-0] config.ConfigHelper.loadConfig - Config:
{
    # reference.conf @ jar:file:/Users/minseongkim/.gradle/caches/modules-2/files-2.1/net.corda/corda-node/3.3-corda/c617459a941380101a1bf44d91674959c940165d/corda-node-3.3-corda.jar!/reference.conf: 20
    "activeMQServer" : {
        # reference.conf @ jar:file:/Users/minseongkim/.gradle/caches/modules-2/files-2.1/net.corda/corda-node/3.3-corda/c617459a941380101a1bf44d91674959c940165d/corda-node-3.3-corda.jar!/reference.conf: 21
        "bridge" : {
            # reference.conf @ jar:file:/Users/minseongkim/.gradle/caches/modules-2/files-2.1/net.corda/corda-node/3.3-corda/c617459a941380101a1bf44d91674959c940165d/corda-node-3.3-corda.jar!/reference.conf: 24
            "maxRetryIntervalMin" : 3,
            # reference.conf @ jar:file:/Users/minseongkim/.gradle/caches/modules-2/files-2.1/net.corda/corda-node/3.3-corda/c617459a941380101a1bf44d91674959c940165d/corda-node-3.3-corda.jar!/reference.conf: 22
            "retryIntervalMs" : 5000,
            # reference.conf @ jar:file:/Users/minseongkim/.gradle/caches/modules-2/files-2.1/net.corda/corda-node/3.3-corda/c617459a941380101a1bf44d91674959c940165d/corda-node-3.3-corda.jar!/reference.conf: 23
            "retryIntervalMultiplier" : 1.5
        }
    },
    # hardcoded value
    "baseDirectory" : "/Users/minseongkim/cordapp-example/build/20191114-094538.665/PartyB",
    # merge of reference.conf @ jar:file:/Users/minseongkim/.gradle/caches/modules-2/files-2.1/net.corda/corda-node/3.3-corda/c617459a941380101a1bf44d91674959c940165d/corda-node-3.3-corda.jar!/reference.conf: 6,reference.conf @ jar:file:/Users/minseongkim/.gradle/caches/modules-2/files-2.1/net.corda/corda/3.3-corda/c634cc8e8d8d4440532a3da10d09ca080486319b/corda-3.3-corda.jar!/reference.conf: 6,reference.conf @ jar:file:/Users/minseongkim/.gradle/caches/modules-2/files-2.1/net.corda/corda-webserver/3.3-corda/676d262432ac6c4e59cb139fd104221b967522b9/corda-webserver-3.3-corda.jar!/reference.conf: 6
    "dataSourceProperties" : {
        # reference.conf @ jar:file:/Users/minseongkim/.gradle/caches/modules-2/files-2.1/net.corda/corda-node/3.3-corda/c617459a941380101a1bf44d91674959c940165d/corda-node-3.3-corda.jar!/reference.conf: 10
        "dataSource.password" : "",
        # merge of reference.conf @ jar:file:/Users/minseongkim/.gradle/caches/modules-2/files-2.1/net.corda/corda-node/3.3-corda/c617459a941380101a1bf44d91674959c940165d/corda-node-3.3-corda.jar!/reference.conf: 8,hardcoded value,reference.conf @ jar:file:/Users/minseongkim/.gradle/caches/modules-2/files-2.1/net.corda/corda-node/3.3-corda/c617459a941380101a1bf44d91674959c940165d/corda-node-3.3-corda.jar!/reference.conf: 8,reference.conf @ jar:file:/Users/minseongkim/.gradle/caches/modules-2/files-2.1/net.corda/corda-node/3.3-corda/c617459a941380101a1bf44d91674959c940165d/corda-node-3.3-corda.jar!/reference.conf: 17
        "dataSource.url" : "jdbc:h2:file:/Users/minseongkim/cordapp-example/build/20191114-094538.665/PartyB/persistence;DB_CLOSE_ON_EXIT=FALSE;LOCK_TIMEOUT=10000;WRITE_DELAY=100;AUTO_SERVER_PORT=0",
        # reference.conf @ jar:file:/Users/minseongkim/.gradle/caches/modules-2/files-2.1/net.corda/corda-node/3.3-corda/c617459a941380101a1bf44d91674959c940165d/corda-node-3.3-corda.jar!/reference.conf: 9
        "dataSource.user" : "sa",
        # reference.conf @ jar:file:/Users/minseongkim/.gradle/caches/modules-2/files-2.1/net.corda/corda-node/3.3-corda/c617459a941380101a1bf44d91674959c940165d/corda-node-3.3-corda.jar!/reference.conf: 7
        "dataSourceClassName" : "org.h2.jdbcx.JdbcDataSource"
    },
    # reference.conf @ jar:file:/Users/minseongkim/.gradle/caches/modules-2/files-2.1/net.corda/corda-node/3.3-corda/c617459a941380101a1bf44d91674959c940165d/corda-node-3.3-corda.jar!/reference.conf: 12
    "database" : {
        # reference.conf @ jar:file:/Users/minseongkim/.gradle/caches/modules-2/files-2.1/net.corda/corda-node/3.3-corda/c617459a941380101a1bf44d91674959c940165d/corda-node-3.3-corda.jar!/reference.conf: 14
        "exportHibernateJMXStatistics" : "false",
        # reference.conf @ jar:file:/Users/minseongkim/.gradle/caches/modules-2/files-2.1/net.corda/corda-node/3.3-corda/c617459a941380101a1bf44d91674959c940165d/corda-node-3.3-corda.jar!/reference.conf: 13
        "transactionIsolationLevel" : "REPEATABLE_READ"
    },
    # reference.conf @ jar:file:/Users/minseongkim/.gradle/caches/modules-2/files-2.1/net.corda/corda-node/3.3-corda/c617459a941380101a1bf44d91674959c940165d/corda-node-3.3-corda.jar!/reference.conf: 16
    "devMode" : true,
    # reference.conf @ jar:file:/Users/minseongkim/.gradle/caches/modules-2/files-2.1/net.corda/corda-node/3.3-corda/c617459a941380101a1bf44d91674959c940165d/corda-node-3.3-corda.jar!/reference.conf: 2
    "emailAddress" : "admin@company.com",
    # reference.conf @ jar:file:/Users/minseongkim/.gradle/caches/modules-2/files-2.1/net.corda/corda-node/3.3-corda/c617459a941380101a1bf44d91674959c940165d/corda-node-3.3-corda.jar!/reference.conf: 3
    "exportJMXto" : "http",
    # reference.conf @ jar:file:/Users/minseongkim/.gradle/caches/modules-2/files-2.1/net.corda/corda-node/3.3-corda/c617459a941380101a1bf44d91674959c940165d/corda-node-3.3-corda.jar!/reference.conf: 31
    "flowTimeout" : {
        # reference.conf @ jar:file:/Users/minseongkim/.gradle/caches/modules-2/files-2.1/net.corda/corda-node/3.3-corda/c617459a941380101a1bf44d91674959c940165d/corda-node-3.3-corda.jar!/reference.conf: 34
        "backoffBase" : 1.8,
        # reference.conf @ jar:file:/Users/minseongkim/.gradle/caches/modules-2/files-2.1/net.corda/corda-node/3.3-corda/c617459a941380101a1bf44d91674959c940165d/corda-node-3.3-corda.jar!/reference.conf: 33
        "maxRestartCount" : 5,
        # reference.conf @ jar:file:/Users/minseongkim/.gradle/caches/modules-2/files-2.1/net.corda/corda-node/3.3-corda/c617459a941380101a1bf44d91674959c940165d/corda-node-3.3-corda.jar!/reference.conf: 32
        "timeout" : "30 seconds"
    },
    # reference.conf @ jar:file:/Users/minseongkim/.gradle/caches/modules-2/files-2.1/net.corda/corda-node/3.3-corda/c617459a941380101a1bf44d91674959c940165d/corda-node-3.3-corda.jar!/reference.conf: 17
    "h2port" : 0,
    # reference.conf @ jar:file:/Users/minseongkim/.gradle/caches/modules-2/files-2.1/net.corda/corda-node/3.3-corda/c617459a941380101a1bf44d91674959c940165d/corda-node-3.3-corda.jar!/reference.conf: 4
    "keyStorePassword" : "cordacadevpass",
    # hardcoded value
    "myLegalName" : "O=PartyB, L=New York, C=US",
    # hardcoded value
    "p2pAddress" : "localhost:10001",
    # merge of hardcoded value,reference.conf @ jar:file:/Users/minseongkim/.gradle/caches/modules-2/files-2.1/net.corda/corda-node/3.3-corda/c617459a941380101a1bf44d91674959c940165d/corda-node-3.3-corda.jar!/reference.conf: 27
    "rpcSettings" : {
        # hardcoded value
        "address" : "localhost:10011",
        # hardcoded value
        "adminAddress" : "localhost:10051",
        # reference.conf @ jar:file:/Users/minseongkim/.gradle/caches/modules-2/files-2.1/net.corda/corda-node/3.3-corda/c617459a941380101a1bf44d91674959c940165d/corda-node-3.3-corda.jar!/reference.conf: 29
        "standAloneBroker" : false,
        # reference.conf @ jar:file:/Users/minseongkim/.gradle/caches/modules-2/files-2.1/net.corda/corda-node/3.3-corda/c617459a941380101a1bf44d91674959c940165d/corda-node-3.3-corda.jar!/reference.conf: 28
        "useSsl" : false
    },
    # hardcoded value
    "rpcUsers" : [
        # hardcoded value
        {
            # hardcoded value
            "password" : "test",
            # hardcoded value
            "permissions" : [
                # hardcoded value
                "ALL",
                # hardcoded value
                "InvokeRpc.nodeInfo",
                # hardcoded value
                "InvokeRpc.networkMapFeed",
                # hardcoded value
                "InvokeRpc.networkMapSnapshot",
                # hardcoded value
                "InvokeRpc.notaryIdentities",
                # hardcoded value
                "InvokeRpc.stateMachinesFeed",
                # hardcoded value
                "InvokeRpc.stateMachineRecordedTransactionMappingFeed",
                # hardcoded value
                "InvokeRpc.nodeInfoFromParty",
                # hardcoded value
                "InvokeRpc.internalVerifiedTransactionsFeed",
                # hardcoded value
                "InvokeRpc.vaultQueryBy",
                # hardcoded value
                "InvokeRpc.vaultTrackBy",
                # hardcoded value
                "InvokeRpc.registeredFlows"
            ],
            # hardcoded value
            "username" : "user1"
        }
    ],
    # reference.conf @ jar:file:/Users/minseongkim/.gradle/caches/modules-2/files-2.1/net.corda/corda-node/3.3-corda/c617459a941380101a1bf44d91674959c940165d/corda-node-3.3-corda.jar!/reference.conf: 5
    "trustStorePassword" : "trustpass",
    # hardcoded value
    "useTestClock" : false,
    # hardcoded value
    "verifierType" : "InMemory",
    # hardcoded value
    "webAddress" : "localhost:10012"
}
 {}
[INFO ] 2019-11-14T09:45:57,037Z [driver-pool-thread-0] network.NodeInfoFilesCopier.addConfig - Now watching: /Users/minseongkim/cordapp-example/build/20191114-094538.665/PartyB {}
[INFO ] 2019-11-14T09:45:57,073Z [driver-pool-thread-0] internal.DriverDSLImpl.startOutOfProcessNode - Starting out-of-process Node PartyB, debug port is not enabled, jolokia monitoring port is not enabled {}
[INFO ] 2019-11-14T09:45:57,164Z [driver-pool-thread-0] config.ConfigHelper.loadConfig - Config:
{
    # reference.conf @ jar:file:/Users/minseongkim/.gradle/caches/modules-2/files-2.1/net.corda/corda-node/3.3-corda/c617459a941380101a1bf44d91674959c940165d/corda-node-3.3-corda.jar!/reference.conf: 20
    "activeMQServer" : {
        # reference.conf @ jar:file:/Users/minseongkim/.gradle/caches/modules-2/files-2.1/net.corda/corda-node/3.3-corda/c617459a941380101a1bf44d91674959c940165d/corda-node-3.3-corda.jar!/reference.conf: 21
        "bridge" : {
            # reference.conf @ jar:file:/Users/minseongkim/.gradle/caches/modules-2/files-2.1/net.corda/corda-node/3.3-corda/c617459a941380101a1bf44d91674959c940165d/corda-node-3.3-corda.jar!/reference.conf: 24
            "maxRetryIntervalMin" : 3,
            # reference.conf @ jar:file:/Users/minseongkim/.gradle/caches/modules-2/files-2.1/net.corda/corda-node/3.3-corda/c617459a941380101a1bf44d91674959c940165d/corda-node-3.3-corda.jar!/reference.conf: 22
            "retryIntervalMs" : 5000,
            # reference.conf @ jar:file:/Users/minseongkim/.gradle/caches/modules-2/files-2.1/net.corda/corda-node/3.3-corda/c617459a941380101a1bf44d91674959c940165d/corda-node-3.3-corda.jar!/reference.conf: 23
            "retryIntervalMultiplier" : 1.5
        }
    },
    # hardcoded value
    "baseDirectory" : "/Users/minseongkim/cordapp-example/build/20191114-094538.665/PartyA",
    # merge of reference.conf @ jar:file:/Users/minseongkim/.gradle/caches/modules-2/files-2.1/net.corda/corda-node/3.3-corda/c617459a941380101a1bf44d91674959c940165d/corda-node-3.3-corda.jar!/reference.conf: 6,reference.conf @ jar:file:/Users/minseongkim/.gradle/caches/modules-2/files-2.1/net.corda/corda/3.3-corda/c634cc8e8d8d4440532a3da10d09ca080486319b/corda-3.3-corda.jar!/reference.conf: 6,reference.conf @ jar:file:/Users/minseongkim/.gradle/caches/modules-2/files-2.1/net.corda/corda-webserver/3.3-corda/676d262432ac6c4e59cb139fd104221b967522b9/corda-webserver-3.3-corda.jar!/reference.conf: 6
    "dataSourceProperties" : {
        # reference.conf @ jar:file:/Users/minseongkim/.gradle/caches/modules-2/files-2.1/net.corda/corda-node/3.3-corda/c617459a941380101a1bf44d91674959c940165d/corda-node-3.3-corda.jar!/reference.conf: 10
        "dataSource.password" : "",
        # merge of reference.conf @ jar:file:/Users/minseongkim/.gradle/caches/modules-2/files-2.1/net.corda/corda-node/3.3-corda/c617459a941380101a1bf44d91674959c940165d/corda-node-3.3-corda.jar!/reference.conf: 8,hardcoded value,reference.conf @ jar:file:/Users/minseongkim/.gradle/caches/modules-2/files-2.1/net.corda/corda-node/3.3-corda/c617459a941380101a1bf44d91674959c940165d/corda-node-3.3-corda.jar!/reference.conf: 8,reference.conf @ jar:file:/Users/minseongkim/.gradle/caches/modules-2/files-2.1/net.corda/corda-node/3.3-corda/c617459a941380101a1bf44d91674959c940165d/corda-node-3.3-corda.jar!/reference.conf: 17
        "dataSource.url" : "jdbc:h2:file:/Users/minseongkim/cordapp-example/build/20191114-094538.665/PartyA/persistence;DB_CLOSE_ON_EXIT=FALSE;LOCK_TIMEOUT=10000;WRITE_DELAY=100;AUTO_SERVER_PORT=0",
        # reference.conf @ jar:file:/Users/minseongkim/.gradle/caches/modules-2/files-2.1/net.corda/corda-node/3.3-corda/c617459a941380101a1bf44d91674959c940165d/corda-node-3.3-corda.jar!/reference.conf: 9
        "dataSource.user" : "sa",
        # reference.conf @ jar:file:/Users/minseongkim/.gradle/caches/modules-2/files-2.1/net.corda/corda-node/3.3-corda/c617459a941380101a1bf44d91674959c940165d/corda-node-3.3-corda.jar!/reference.conf: 7
        "dataSourceClassName" : "org.h2.jdbcx.JdbcDataSource"
    },
    # reference.conf @ jar:file:/Users/minseongkim/.gradle/caches/modules-2/files-2.1/net.corda/corda-node/3.3-corda/c617459a941380101a1bf44d91674959c940165d/corda-node-3.3-corda.jar!/reference.conf: 12
    "database" : {
        # reference.conf @ jar:file:/Users/minseongkim/.gradle/caches/modules-2/files-2.1/net.corda/corda-node/3.3-corda/c617459a941380101a1bf44d91674959c940165d/corda-node-3.3-corda.jar!/reference.conf: 14
        "exportHibernateJMXStatistics" : "false",
        # reference.conf @ jar:file:/Users/minseongkim/.gradle/caches/modules-2/files-2.1/net.corda/corda-node/3.3-corda/c617459a941380101a1bf44d91674959c940165d/corda-node-3.3-corda.jar!/reference.conf: 13
        "transactionIsolationLevel" : "REPEATABLE_READ"
    },
    # reference.conf @ jar:file:/Users/minseongkim/.gradle/caches/modules-2/files-2.1/net.corda/corda-node/3.3-corda/c617459a941380101a1bf44d91674959c940165d/corda-node-3.3-corda.jar!/reference.conf: 16
    "devMode" : true,
    # reference.conf @ jar:file:/Users/minseongkim/.gradle/caches/modules-2/files-2.1/net.corda/corda-node/3.3-corda/c617459a941380101a1bf44d91674959c940165d/corda-node-3.3-corda.jar!/reference.conf: 2
    "emailAddress" : "admin@company.com",
    # reference.conf @ jar:file:/Users/minseongkim/.gradle/caches/modules-2/files-2.1/net.corda/corda-node/3.3-corda/c617459a941380101a1bf44d91674959c940165d/corda-node-3.3-corda.jar!/reference.conf: 3
    "exportJMXto" : "http",
    # reference.conf @ jar:file:/Users/minseongkim/.gradle/caches/modules-2/files-2.1/net.corda/corda-node/3.3-corda/c617459a941380101a1bf44d91674959c940165d/corda-node-3.3-corda.jar!/reference.conf: 31
    "flowTimeout" : {
        # reference.conf @ jar:file:/Users/minseongkim/.gradle/caches/modules-2/files-2.1/net.corda/corda-node/3.3-corda/c617459a941380101a1bf44d91674959c940165d/corda-node-3.3-corda.jar!/reference.conf: 34
        "backoffBase" : 1.8,
        # reference.conf @ jar:file:/Users/minseongkim/.gradle/caches/modules-2/files-2.1/net.corda/corda-node/3.3-corda/c617459a941380101a1bf44d91674959c940165d/corda-node-3.3-corda.jar!/reference.conf: 33
        "maxRestartCount" : 5,
        # reference.conf @ jar:file:/Users/minseongkim/.gradle/caches/modules-2/files-2.1/net.corda/corda-node/3.3-corda/c617459a941380101a1bf44d91674959c940165d/corda-node-3.3-corda.jar!/reference.conf: 32
        "timeout" : "30 seconds"
    },
    # reference.conf @ jar:file:/Users/minseongkim/.gradle/caches/modules-2/files-2.1/net.corda/corda-node/3.3-corda/c617459a941380101a1bf44d91674959c940165d/corda-node-3.3-corda.jar!/reference.conf: 17
    "h2port" : 0,
    # reference.conf @ jar:file:/Users/minseongkim/.gradle/caches/modules-2/files-2.1/net.corda/corda-node/3.3-corda/c617459a941380101a1bf44d91674959c940165d/corda-node-3.3-corda.jar!/reference.conf: 4
    "keyStorePassword" : "cordacadevpass",
    # hardcoded value
    "myLegalName" : "O=PartyA, L=London, C=GB",
    # hardcoded value
    "p2pAddress" : "localhost:10000",
    # merge of hardcoded value,reference.conf @ jar:file:/Users/minseongkim/.gradle/caches/modules-2/files-2.1/net.corda/corda-node/3.3-corda/c617459a941380101a1bf44d91674959c940165d/corda-node-3.3-corda.jar!/reference.conf: 27
    "rpcSettings" : {
        # hardcoded value
        "address" : "localhost:10008",
        # hardcoded value
        "adminAddress" : "localhost:10048",
        # reference.conf @ jar:file:/Users/minseongkim/.gradle/caches/modules-2/files-2.1/net.corda/corda-node/3.3-corda/c617459a941380101a1bf44d91674959c940165d/corda-node-3.3-corda.jar!/reference.conf: 29
        "standAloneBroker" : false,
        # reference.conf @ jar:file:/Users/minseongkim/.gradle/caches/modules-2/files-2.1/net.corda/corda-node/3.3-corda/c617459a941380101a1bf44d91674959c940165d/corda-node-3.3-corda.jar!/reference.conf: 28
        "useSsl" : false
    },
    # hardcoded value
    "rpcUsers" : [
        # hardcoded value
        {
            # hardcoded value
            "password" : "test",
            # hardcoded value
            "permissions" : [
                # hardcoded value
                "ALL",
                # hardcoded value
                "InvokeRpc.nodeInfo",
                # hardcoded value
                "InvokeRpc.networkMapFeed",
                # hardcoded value
                "InvokeRpc.networkMapSnapshot",
                # hardcoded value
                "InvokeRpc.notaryIdentities",
                # hardcoded value
                "InvokeRpc.stateMachinesFeed",
                # hardcoded value
                "InvokeRpc.stateMachineRecordedTransactionMappingFeed",
                # hardcoded value
                "InvokeRpc.nodeInfoFromParty",
                # hardcoded value
                "InvokeRpc.internalVerifiedTransactionsFeed",
                # hardcoded value
                "InvokeRpc.vaultQueryBy",
                # hardcoded value
                "InvokeRpc.vaultTrackBy",
                # hardcoded value
                "InvokeRpc.registeredFlows"
            ],
            # hardcoded value
            "username" : "user1"
        }
    ],
    # reference.conf @ jar:file:/Users/minseongkim/.gradle/caches/modules-2/files-2.1/net.corda/corda-node/3.3-corda/c617459a941380101a1bf44d91674959c940165d/corda-node-3.3-corda.jar!/reference.conf: 5
    "trustStorePassword" : "trustpass",
    # hardcoded value
    "useTestClock" : false,
    # hardcoded value
    "verifierType" : "InMemory",
    # hardcoded value
    "webAddress" : "localhost:10009"
}
 {}
[INFO ] 2019-11-14T09:45:57,207Z [driver-pool-thread-0] network.NodeInfoFilesCopier.addConfig - Now watching: /Users/minseongkim/cordapp-example/build/20191114-094538.665/PartyA {}
[INFO ] 2019-11-14T09:45:57,222Z [driver-pool-thread-0] internal.DriverDSLImpl.startOutOfProcessNode - Starting out-of-process Node PartyA, debug port is not enabled, jolokia monitoring port is not enabled {}
[INFO ] 2019-11-14T09:46:54,193Z [driver-pool-thread-1] internal.RPCClient.logElapsedTime - Startup took 1401 msec {}
[INFO ] 2019-11-14T09:46:54,429Z [driver-pool-thread-1] internal.DriverDSLImpl.invoke - Exception while connecting to RPC, retrying to connect at localhost:10014 {}
net.corda.client.rpc.RPCException: Cannot connect to server(s). Tried with all available servers.
	at net.corda.client.rpc.internal.RPCClientProxyHandler.start(RPCClientProxyHandler.kt:198) ~[corda-rpc-3.3-corda.jar:?]
	at net.corda.client.rpc.internal.RPCClient$start$1.invoke(RPCClient.kt:123) ~[corda-rpc-3.3-corda.jar:?]
	at net.corda.client.rpc.internal.RPCClient$start$1.invoke(RPCClient.kt:86) ~[corda-rpc-3.3-corda.jar:?]
	at net.corda.core.internal.InternalUtils.logElapsedTime(InternalUtils.kt:204) ~[corda-core-3.3-corda.jar:?]
	at net.corda.core.internal.InternalUtils.logElapsedTime(InternalUtils.kt:196) ~[corda-core-3.3-corda.jar:?]
	at net.corda.client.rpc.internal.RPCClient.start(RPCClient.kt:109) ~[corda-rpc-3.3-corda.jar:?]
	at net.corda.client.rpc.CordaRPCClient.start(CordaRPCClient.kt:139) ~[corda-rpc-3.3-corda.jar:?]
	at net.corda.client.rpc.CordaRPCClient.start(CordaRPCClient.kt:124) ~[corda-rpc-3.3-corda.jar:?]
	at net.corda.testing.node.internal.DriverDSLImpl$establishRpc$connectionFuture$1.invoke(DriverDSLImpl.kt:169) [corda-node-driver-3.3-corda.jar:?]
	at net.corda.testing.node.internal.DriverDSLImpl$establishRpc$connectionFuture$1.invoke(DriverDSLImpl.kt:84) [corda-node-driver-3.3-corda.jar:?]
	at net.corda.testing.node.internal.InternalTestUtilsKt$poll$task$1.run(InternalTestUtils.kt:86) [corda-node-driver-3.3-corda.jar:?]
	at java.util.concurrent.Executors$RunnableAdapter.call(Executors.java:511) [?:1.8.0_231]
	at java.util.concurrent.FutureTask.run(FutureTask.java:266) [?:1.8.0_231]
	at java.util.concurrent.ScheduledThreadPoolExecutor$ScheduledFutureTask.access$201(ScheduledThreadPoolExecutor.java:180) [?:1.8.0_231]
	at java.util.concurrent.ScheduledThreadPoolExecutor$ScheduledFutureTask.run(ScheduledThreadPoolExecutor.java:293) [?:1.8.0_231]
	at java.util.concurrent.ThreadPoolExecutor.runWorker(ThreadPoolExecutor.java:1149) [?:1.8.0_231]
	at java.util.concurrent.ThreadPoolExecutor$Worker.run(ThreadPoolExecutor.java:624) [?:1.8.0_231]
	at java.lang.Thread.run(Thread.java:748) [?:1.8.0_231]
Caused by: org.apache.activemq.artemis.api.core.ActiveMQNotConnectedException: AMQ119007: Cannot connect to server(s). Tried with all available servers.
	at org.apache.activemq.artemis.core.client.impl.ServerLocatorImpl.createSessionFactory(ServerLocatorImpl.java:787) ~[artemis-core-client-2.2.0.jar:2.2.0]
	at net.corda.client.rpc.internal.RPCClientProxyHandler.start(RPCClientProxyHandler.kt:196) ~[corda-rpc-3.3-corda.jar:?]
	... 17 more
[INFO ] 2019-11-14T09:46:54,638Z [driver-pool-thread-1] internal.RPCClient.logElapsedTime - Startup took 150 msec {}
[INFO ] 2019-11-14T09:46:54,643Z [driver-pool-thread-1] internal.DriverDSLImpl.invoke - Exception while connecting to RPC, retrying to connect at localhost:10011 {}
net.corda.client.rpc.RPCException: Cannot connect to server(s). Tried with all available servers.
	at net.corda.client.rpc.internal.RPCClientProxyHandler.start(RPCClientProxyHandler.kt:198) ~[corda-rpc-3.3-corda.jar:?]
	at net.corda.client.rpc.internal.RPCClient$start$1.invoke(RPCClient.kt:123) ~[corda-rpc-3.3-corda.jar:?]
	at net.corda.client.rpc.internal.RPCClient$start$1.invoke(RPCClient.kt:86) ~[corda-rpc-3.3-corda.jar:?]
	at net.corda.core.internal.InternalUtils.logElapsedTime(InternalUtils.kt:204) ~[corda-core-3.3-corda.jar:?]
	at net.corda.core.internal.InternalUtils.logElapsedTime(InternalUtils.kt:196) ~[corda-core-3.3-corda.jar:?]
	at net.corda.client.rpc.internal.RPCClient.start(RPCClient.kt:109) ~[corda-rpc-3.3-corda.jar:?]
	at net.corda.client.rpc.CordaRPCClient.start(CordaRPCClient.kt:139) ~[corda-rpc-3.3-corda.jar:?]
	at net.corda.client.rpc.CordaRPCClient.start(CordaRPCClient.kt:124) ~[corda-rpc-3.3-corda.jar:?]
	at net.corda.testing.node.internal.DriverDSLImpl$establishRpc$connectionFuture$1.invoke(DriverDSLImpl.kt:169) [corda-node-driver-3.3-corda.jar:?]
	at net.corda.testing.node.internal.DriverDSLImpl$establishRpc$connectionFuture$1.invoke(DriverDSLImpl.kt:84) [corda-node-driver-3.3-corda.jar:?]
	at net.corda.testing.node.internal.InternalTestUtilsKt$poll$task$1.run(InternalTestUtils.kt:86) [corda-node-driver-3.3-corda.jar:?]
	at java.util.concurrent.Executors$RunnableAdapter.call(Executors.java:511) [?:1.8.0_231]
	at java.util.concurrent.FutureTask.run(FutureTask.java:266) [?:1.8.0_231]
	at java.util.concurrent.ScheduledThreadPoolExecutor$ScheduledFutureTask.access$201(ScheduledThreadPoolExecutor.java:180) [?:1.8.0_231]
	at java.util.concurrent.ScheduledThreadPoolExecutor$ScheduledFutureTask.run(ScheduledThreadPoolExecutor.java:293) [?:1.8.0_231]
	at java.util.concurrent.ThreadPoolExecutor.runWorker(ThreadPoolExecutor.java:1149) [?:1.8.0_231]
	at java.util.concurrent.ThreadPoolExecutor$Worker.run(ThreadPoolExecutor.java:624) [?:1.8.0_231]
	at java.lang.Thread.run(Thread.java:748) [?:1.8.0_231]
Caused by: org.apache.activemq.artemis.api.core.ActiveMQNotConnectedException: AMQ119007: Cannot connect to server(s). Tried with all available servers.
	at org.apache.activemq.artemis.core.client.impl.ServerLocatorImpl.createSessionFactory(ServerLocatorImpl.java:787) ~[artemis-core-client-2.2.0.jar:2.2.0]
	at net.corda.client.rpc.internal.RPCClientProxyHandler.start(RPCClientProxyHandler.kt:196) ~[corda-rpc-3.3-corda.jar:?]
	... 17 more
[INFO ] 2019-11-14T09:46:54,699Z [driver-pool-thread-1] internal.RPCClient.logElapsedTime - Startup took 8 msec {}
[INFO ] 2019-11-14T09:46:54,706Z [driver-pool-thread-1] internal.DriverDSLImpl.invoke - Exception while connecting to RPC, retrying to connect at localhost:10008 {}
net.corda.client.rpc.RPCException: Cannot connect to server(s). Tried with all available servers.
	at net.corda.client.rpc.internal.RPCClientProxyHandler.start(RPCClientProxyHandler.kt:198) ~[corda-rpc-3.3-corda.jar:?]
	at net.corda.client.rpc.internal.RPCClient$start$1.invoke(RPCClient.kt:123) ~[corda-rpc-3.3-corda.jar:?]
	at net.corda.client.rpc.internal.RPCClient$start$1.invoke(RPCClient.kt:86) ~[corda-rpc-3.3-corda.jar:?]
	at net.corda.core.internal.InternalUtils.logElapsedTime(InternalUtils.kt:204) ~[corda-core-3.3-corda.jar:?]
	at net.corda.core.internal.InternalUtils.logElapsedTime(InternalUtils.kt:196) ~[corda-core-3.3-corda.jar:?]
	at net.corda.client.rpc.internal.RPCClient.start(RPCClient.kt:109) ~[corda-rpc-3.3-corda.jar:?]
	at net.corda.client.rpc.CordaRPCClient.start(CordaRPCClient.kt:139) ~[corda-rpc-3.3-corda.jar:?]
	at net.corda.client.rpc.CordaRPCClient.start(CordaRPCClient.kt:124) ~[corda-rpc-3.3-corda.jar:?]
	at net.corda.testing.node.internal.DriverDSLImpl$establishRpc$connectionFuture$1.invoke(DriverDSLImpl.kt:169) [corda-node-driver-3.3-corda.jar:?]
	at net.corda.testing.node.internal.DriverDSLImpl$establishRpc$connectionFuture$1.invoke(DriverDSLImpl.kt:84) [corda-node-driver-3.3-corda.jar:?]
	at net.corda.testing.node.internal.InternalTestUtilsKt$poll$task$1.run(InternalTestUtils.kt:86) [corda-node-driver-3.3-corda.jar:?]
	at java.util.concurrent.Executors$RunnableAdapter.call(Executors.java:511) [?:1.8.0_231]
	at java.util.concurrent.FutureTask.run(FutureTask.java:266) [?:1.8.0_231]
	at java.util.concurrent.ScheduledThreadPoolExecutor$ScheduledFutureTask.access$201(ScheduledThreadPoolExecutor.java:180) [?:1.8.0_231]
	at java.util.concurrent.ScheduledThreadPoolExecutor$ScheduledFutureTask.run(ScheduledThreadPoolExecutor.java:293) [?:1.8.0_231]
	at java.util.concurrent.ThreadPoolExecutor.runWorker(ThreadPoolExecutor.java:1149) [?:1.8.0_231]
	at java.util.concurrent.ThreadPoolExecutor$Worker.run(ThreadPoolExecutor.java:624) [?:1.8.0_231]
	at java.lang.Thread.run(Thread.java:748) [?:1.8.0_231]
Caused by: org.apache.activemq.artemis.api.core.ActiveMQNotConnectedException: AMQ119007: Cannot connect to server(s). Tried with all available servers.
	at org.apache.activemq.artemis.core.client.impl.ServerLocatorImpl.createSessionFactory(ServerLocatorImpl.java:787) ~[artemis-core-client-2.2.0.jar:2.2.0]
	at net.corda.client.rpc.internal.RPCClientProxyHandler.start(RPCClientProxyHandler.kt:196) ~[corda-rpc-3.3-corda.jar:?]
	... 17 more
[INFO ] 2019-11-14T09:47:07,165Z [driver-pool-thread-0] internal.RPCClient.logElapsedTime - Startup took 15386 msec {}
[INFO ] 2019-11-14T09:47:08,364Z [driver-pool-thread-1] internal.RPCClient.logElapsedTime - Startup took 13376 msec {}
[INFO ] 2019-11-14T09:47:09,129Z [driver-pool-thread-0] internal.RPCClient.logElapsedTime - Startup took 1943 msec {}
[INFO ] 2019-11-14T09:47:09,626Z [driver-pool-thread-1] internal.RPCClient.logElapsedTime - Startup took 1257 msec {}
[INFO ] 2019-11-14T09:47:09,778Z [driver-pool-thread-0] internal.DriverDSLImpl.invoke - Node handle is ready. NodeInfo: NodeInfo(addresses=[localhost:10003], legalIdentitiesAndCerts=[O=Notary Service, L=Zurich, C=CH], platformVersion=3, serial=1573724803438), WebAddress: localhost:10006 {}
[INFO ] 2019-11-14T09:47:09,795Z [driver-pool-thread-1] internal.DriverDSLImpl.invoke - Node handle is ready. NodeInfo: NodeInfo(addresses=[localhost:10002], legalIdentitiesAndCerts=[O=PartyC, L=Paris, C=FR], platformVersion=3, serial=1573724804524), WebAddress: localhost:10009 {}
[INFO ] 2019-11-14T09:47:09,969Z [driver-pool-thread-0] internal.DriverDSLImpl.invoke - Node handle is ready. NodeInfo: NodeInfo(addresses=[localhost:10001], legalIdentitiesAndCerts=[O=PartyB, L=New York, C=US], platformVersion=3, serial=1573724805084), WebAddress: localhost:10012 {}
[INFO ] 2019-11-14T09:47:10,043Z [driver-pool-thread-1] internal.DriverDSLImpl.invoke - Node handle is ready. NodeInfo: NodeInfo(addresses=[localhost:10000], legalIdentitiesAndCerts=[O=PartyA, L=London, C=GB], platformVersion=3, serial=1573724805300), WebAddress: localhost:10015 {}
[WARN ] 2019-11-14T10:12:30,948Z [Thread-1 (ActiveMQ-client-factory-threads-698003126)] internal.RPCClientProxyHandler.cleanUpOnConnectionLoss - Terminating observables. {}
[WARN ] 2019-11-14T10:12:30,454Z [Thread-1 (ActiveMQ-client-factory-threads-740599222)] internal.RPCClientProxyHandler.cleanUpOnConnectionLoss - Terminating observables. {}
[WARN ] 2019-11-14T10:12:31,319Z [Thread-1 (ActiveMQ-client-factory-threads-331001807)] internal.RPCClientProxyHandler.cleanUpOnConnectionLoss - Terminating observables. {}
[WARN ] 2019-11-14T10:12:31,576Z [Thread-1 (ActiveMQ-client-factory-threads-1126316370)] internal.RPCClientProxyHandler.cleanUpOnConnectionLoss - Terminating observables. {}
[INFO ] 2019-11-14T10:12:31,734Z [Thread-1 (ActiveMQ-client-factory-threads-331001807)] internal.RPCClientProxyHandler.failoverHandler - RPC server available. {}
[INFO ] 2019-11-14T10:12:31,750Z [Thread-1 (ActiveMQ-client-factory-threads-698003126)] internal.RPCClientProxyHandler.failoverHandler - RPC server available. {}
[INFO ] 2019-11-14T10:12:31,753Z [Thread-1 (ActiveMQ-client-factory-threads-740599222)] internal.RPCClientProxyHandler.failoverHandler - RPC server available. {}
[INFO ] 2019-11-14T10:12:33,424Z [Thread-1 (ActiveMQ-client-factory-threads-1126316370)] internal.RPCClientProxyHandler.failoverHandler - RPC server available. {}
[WARN ] 2019-11-14T10:19:45,136Z [Thread-2 (ActiveMQ-client-factory-threads-698003126)] internal.RPCClientProxyHandler.cleanUpOnConnectionLoss - Terminating observables. {}
[WARN ] 2019-11-14T10:19:45,066Z [Thread-2 (ActiveMQ-client-factory-threads-1126316370)] internal.RPCClientProxyHandler.cleanUpOnConnectionLoss - Terminating observables. {}
[WARN ] 2019-11-14T10:19:45,239Z [Thread-2 (ActiveMQ-client-factory-threads-331001807)] internal.RPCClientProxyHandler.cleanUpOnConnectionLoss - Terminating observables. {}
[WARN ] 2019-11-14T10:19:45,082Z [Thread-2 (ActiveMQ-client-factory-threads-740599222)] internal.RPCClientProxyHandler.cleanUpOnConnectionLoss - Terminating observables. {}
[INFO ] 2019-11-14T10:19:45,520Z [Thread-2 (ActiveMQ-client-factory-threads-698003126)] internal.RPCClientProxyHandler.failoverHandler - RPC server available. {}
[INFO ] 2019-11-14T10:19:45,581Z [Thread-2 (ActiveMQ-client-factory-threads-1126316370)] internal.RPCClientProxyHandler.failoverHandler - RPC server available. {}
[INFO ] 2019-11-14T10:19:45,620Z [Thread-2 (ActiveMQ-client-factory-threads-331001807)] internal.RPCClientProxyHandler.failoverHandler - RPC server available. {}
[INFO ] 2019-11-14T10:19:45,626Z [Thread-2 (ActiveMQ-client-factory-threads-740599222)] internal.RPCClientProxyHandler.failoverHandler - RPC server available. {}
[WARN ] 2019-11-14T10:58:17,044Z [Thread-2 (ActiveMQ-client-factory-threads-698003126)] internal.RPCClientProxyHandler.cleanUpOnConnectionLoss - Terminating observables. {}
[WARN ] 2019-11-14T10:58:17,112Z [Thread-2 (ActiveMQ-client-factory-threads-331001807)] internal.RPCClientProxyHandler.cleanUpOnConnectionLoss - Terminating observables. {}
[WARN ] 2019-11-14T10:58:17,310Z [Thread-2 (ActiveMQ-client-factory-threads-1126316370)] internal.RPCClientProxyHandler.cleanUpOnConnectionLoss - Terminating observables. {}
[WARN ] 2019-11-14T10:58:17,375Z [Thread-2 (ActiveMQ-client-factory-threads-740599222)] internal.RPCClientProxyHandler.cleanUpOnConnectionLoss - Terminating observables. {}
[INFO ] 2019-11-14T10:58:17,513Z [Thread-2 (ActiveMQ-client-factory-threads-331001807)] internal.RPCClientProxyHandler.failoverHandler - RPC server available. {}
[INFO ] 2019-11-14T10:58:17,529Z [Thread-2 (ActiveMQ-client-factory-threads-740599222)] internal.RPCClientProxyHandler.failoverHandler - RPC server available. {}
[INFO ] 2019-11-14T10:58:17,560Z [Thread-2 (ActiveMQ-client-factory-threads-1126316370)] internal.RPCClientProxyHandler.failoverHandler - RPC server available. {}
[INFO ] 2019-11-14T10:58:17,638Z [Thread-2 (ActiveMQ-client-factory-threads-698003126)] internal.RPCClientProxyHandler.failoverHandler - RPC server available. {}
[WARN ] 2019-11-14T11:05:36,269Z [Thread-2 (ActiveMQ-client-factory-threads-698003126)] internal.RPCClientProxyHandler.cleanUpOnConnectionLoss - Terminating observables. {}
[WARN ] 2019-11-14T11:05:36,294Z [Thread-2 (ActiveMQ-client-factory-threads-331001807)] internal.RPCClientProxyHandler.cleanUpOnConnectionLoss - Terminating observables. {}
[WARN ] 2019-11-14T11:05:36,307Z [Thread-2 (ActiveMQ-client-factory-threads-740599222)] internal.RPCClientProxyHandler.cleanUpOnConnectionLoss - Terminating observables. {}
[WARN ] 2019-11-14T11:05:36,315Z [Thread-2 (ActiveMQ-client-factory-threads-1126316370)] internal.RPCClientProxyHandler.cleanUpOnConnectionLoss - Terminating observables. {}
[INFO ] 2019-11-14T11:05:36,464Z [Thread-2 (ActiveMQ-client-factory-threads-1126316370)] internal.RPCClientProxyHandler.failoverHandler - RPC server available. {}
[INFO ] 2019-11-14T11:05:36,506Z [Thread-2 (ActiveMQ-client-factory-threads-740599222)] internal.RPCClientProxyHandler.failoverHandler - RPC server available. {}
[INFO ] 2019-11-14T11:05:36,518Z [Thread-2 (ActiveMQ-client-factory-threads-698003126)] internal.RPCClientProxyHandler.failoverHandler - RPC server available. {}
[INFO ] 2019-11-14T11:05:36,587Z [Thread-2 (ActiveMQ-client-factory-threads-331001807)] internal.RPCClientProxyHandler.failoverHandler - RPC server available. {}
