[INFO ] 2019-11-14T09:47:15,106Z [main] webserver.CmdLineOptions.loadConfig - Config:
{
    # /Users/minseongkim/cordapp-example/build/20191114-094538.665/PartyC/node.conf: 3
    # reference.conf @ jar:file:/Users/minseongkim/.gradle/caches/modules-2/files-2.1/net.corda/corda-node/3.3-corda/c617459a941380101a1bf44d91674959c940165d/corda-node-3.3-corda.jar!/reference.conf: 20
    "activeMQServer" : {
        # /Users/minseongkim/cordapp-example/build/20191114-094538.665/PartyC/node.conf: 5
        # reference.conf @ jar:file:/Users/minseongkim/.gradle/caches/modules-2/files-2.1/net.corda/corda-node/3.3-corda/c617459a941380101a1bf44d91674959c940165d/corda-node-3.3-corda.jar!/reference.conf: 21
        "bridge" : {
            # /Users/minseongkim/cordapp-example/build/20191114-094538.665/PartyC/node.conf: 7
            # reference.conf @ jar:file:/Users/minseongkim/.gradle/caches/modules-2/files-2.1/net.corda/corda-node/3.3-corda/c617459a941380101a1bf44d91674959c940165d/corda-node-3.3-corda.jar!/reference.conf: 24
            "maxRetryIntervalMin" : 3,
            # /Users/minseongkim/cordapp-example/build/20191114-094538.665/PartyC/node.conf: 9
            # reference.conf @ jar:file:/Users/minseongkim/.gradle/caches/modules-2/files-2.1/net.corda/corda-node/3.3-corda/c617459a941380101a1bf44d91674959c940165d/corda-node-3.3-corda.jar!/reference.conf: 22
            "retryIntervalMs" : 5000,
            # /Users/minseongkim/cordapp-example/build/20191114-094538.665/PartyC/node.conf: 11
            # reference.conf @ jar:file:/Users/minseongkim/.gradle/caches/modules-2/files-2.1/net.corda/corda-node/3.3-corda/c617459a941380101a1bf44d91674959c940165d/corda-node-3.3-corda.jar!/reference.conf: 23
            "retryIntervalMultiplier" : 1.5
        }
    },
    # hardcoded value
    "baseDirectory" : "/Users/minseongkim/cordapp-example/build/20191114-094538.665/PartyC",
    # /Users/minseongkim/cordapp-example/build/20191114-094538.665/PartyC/node.conf: 17
    # merge of reference.conf @ jar:file:/Users/minseongkim/.gradle/caches/modules-2/files-2.1/net.corda/corda-node/3.3-corda/c617459a941380101a1bf44d91674959c940165d/corda-node-3.3-corda.jar!/reference.conf: 6,reference.conf @ jar:file:/Users/minseongkim/.gradle/caches/modules-2/files-2.1/net.corda/corda/3.3-corda/c634cc8e8d8d4440532a3da10d09ca080486319b/corda-3.3-corda.jar!/reference.conf: 6,reference.conf @ jar:file:/Users/minseongkim/.gradle/caches/modules-2/files-2.1/net.corda/corda-webserver/3.3-corda/676d262432ac6c4e59cb139fd104221b967522b9/corda-webserver-3.3-corda.jar!/reference.conf: 6
    "dataSourceProperties" : {
        # /Users/minseongkim/cordapp-example/build/20191114-094538.665/PartyC/node.conf: 19
        # reference.conf @ jar:file:/Users/minseongkim/.gradle/caches/modules-2/files-2.1/net.corda/corda-node/3.3-corda/c617459a941380101a1bf44d91674959c940165d/corda-node-3.3-corda.jar!/reference.conf: 10
        "dataSource.password" : "",
        # /Users/minseongkim/cordapp-example/build/20191114-094538.665/PartyC/node.conf: 21
        # merge of reference.conf @ jar:file:/Users/minseongkim/.gradle/caches/modules-2/files-2.1/net.corda/corda-node/3.3-corda/c617459a941380101a1bf44d91674959c940165d/corda-node-3.3-corda.jar!/reference.conf: 8,hardcoded value,reference.conf @ jar:file:/Users/minseongkim/.gradle/caches/modules-2/files-2.1/net.corda/corda-node/3.3-corda/c617459a941380101a1bf44d91674959c940165d/corda-node-3.3-corda.jar!/reference.conf: 8,reference.conf @ jar:file:/Users/minseongkim/.gradle/caches/modules-2/files-2.1/net.corda/corda-node/3.3-corda/c617459a941380101a1bf44d91674959c940165d/corda-node-3.3-corda.jar!/reference.conf: 17
        "dataSource.url" : "jdbc:h2:file:/Users/minseongkim/cordapp-example/build/20191114-094538.665/PartyC/persistence;DB_CLOSE_ON_EXIT=FALSE;LOCK_TIMEOUT=10000;WRITE_DELAY=100;AUTO_SERVER_PORT=0",
        # /Users/minseongkim/cordapp-example/build/20191114-094538.665/PartyC/node.conf: 23
        # reference.conf @ jar:file:/Users/minseongkim/.gradle/caches/modules-2/files-2.1/net.corda/corda-node/3.3-corda/c617459a941380101a1bf44d91674959c940165d/corda-node-3.3-corda.jar!/reference.conf: 9
        "dataSource.user" : "sa",
        # /Users/minseongkim/cordapp-example/build/20191114-094538.665/PartyC/node.conf: 25
        # reference.conf @ jar:file:/Users/minseongkim/.gradle/caches/modules-2/files-2.1/net.corda/corda-node/3.3-corda/c617459a941380101a1bf44d91674959c940165d/corda-node-3.3-corda.jar!/reference.conf: 7
        "dataSourceClassName" : "org.h2.jdbcx.JdbcDataSource"
    },
    # /Users/minseongkim/cordapp-example/build/20191114-094538.665/PartyC/node.conf: 28
    # reference.conf @ jar:file:/Users/minseongkim/.gradle/caches/modules-2/files-2.1/net.corda/corda-node/3.3-corda/c617459a941380101a1bf44d91674959c940165d/corda-node-3.3-corda.jar!/reference.conf: 12
    "database" : {
        # /Users/minseongkim/cordapp-example/build/20191114-094538.665/PartyC/node.conf: 30
        # reference.conf @ jar:file:/Users/minseongkim/.gradle/caches/modules-2/files-2.1/net.corda/corda-node/3.3-corda/c617459a941380101a1bf44d91674959c940165d/corda-node-3.3-corda.jar!/reference.conf: 14
        "exportHibernateJMXStatistics" : "false",
        # /Users/minseongkim/cordapp-example/build/20191114-094538.665/PartyC/node.conf: 32
        # reference.conf @ jar:file:/Users/minseongkim/.gradle/caches/modules-2/files-2.1/net.corda/corda-node/3.3-corda/c617459a941380101a1bf44d91674959c940165d/corda-node-3.3-corda.jar!/reference.conf: 13
        "transactionIsolationLevel" : "REPEATABLE_READ"
    },
    # /Users/minseongkim/cordapp-example/build/20191114-094538.665/PartyC/node.conf: 35
    # reference.conf @ jar:file:/Users/minseongkim/.gradle/caches/modules-2/files-2.1/net.corda/corda-node/3.3-corda/c617459a941380101a1bf44d91674959c940165d/corda-node-3.3-corda.jar!/reference.conf: 16
    "devMode" : true,
    # /Users/minseongkim/cordapp-example/build/20191114-094538.665/PartyC/node.conf: 37
    # reference.conf @ jar:file:/Users/minseongkim/.gradle/caches/modules-2/files-2.1/net.corda/corda-node/3.3-corda/c617459a941380101a1bf44d91674959c940165d/corda-node-3.3-corda.jar!/reference.conf: 2
    "emailAddress" : "admin@company.com",
    # /Users/minseongkim/cordapp-example/build/20191114-094538.665/PartyC/node.conf: 39
    # reference.conf @ jar:file:/Users/minseongkim/.gradle/caches/modules-2/files-2.1/net.corda/corda-node/3.3-corda/c617459a941380101a1bf44d91674959c940165d/corda-node-3.3-corda.jar!/reference.conf: 3
    "exportJMXto" : "http",
    # /Users/minseongkim/cordapp-example/build/20191114-094538.665/PartyC/node.conf: 41
    # reference.conf @ jar:file:/Users/minseongkim/.gradle/caches/modules-2/files-2.1/net.corda/corda-node/3.3-corda/c617459a941380101a1bf44d91674959c940165d/corda-node-3.3-corda.jar!/reference.conf: 31
    "flowTimeout" : {
        # /Users/minseongkim/cordapp-example/build/20191114-094538.665/PartyC/node.conf: 43
        # reference.conf @ jar:file:/Users/minseongkim/.gradle/caches/modules-2/files-2.1/net.corda/corda-node/3.3-corda/c617459a941380101a1bf44d91674959c940165d/corda-node-3.3-corda.jar!/reference.conf: 34
        "backoffBase" : 1.8,
        # /Users/minseongkim/cordapp-example/build/20191114-094538.665/PartyC/node.conf: 45
        # reference.conf @ jar:file:/Users/minseongkim/.gradle/caches/modules-2/files-2.1/net.corda/corda-node/3.3-corda/c617459a941380101a1bf44d91674959c940165d/corda-node-3.3-corda.jar!/reference.conf: 33
        "maxRestartCount" : 5,
        # /Users/minseongkim/cordapp-example/build/20191114-094538.665/PartyC/node.conf: 47
        # reference.conf @ jar:file:/Users/minseongkim/.gradle/caches/modules-2/files-2.1/net.corda/corda-node/3.3-corda/c617459a941380101a1bf44d91674959c940165d/corda-node-3.3-corda.jar!/reference.conf: 32
        "timeout" : "30 seconds"
    },
    # /Users/minseongkim/cordapp-example/build/20191114-094538.665/PartyC/node.conf: 50
    # reference.conf @ jar:file:/Users/minseongkim/.gradle/caches/modules-2/files-2.1/net.corda/corda-node/3.3-corda/c617459a941380101a1bf44d91674959c940165d/corda-node-3.3-corda.jar!/reference.conf: 17
    "h2port" : 0,
    # /Users/minseongkim/cordapp-example/build/20191114-094538.665/PartyC/node.conf: 52
    # reference.conf @ jar:file:/Users/minseongkim/.gradle/caches/modules-2/files-2.1/net.corda/corda-node/3.3-corda/c617459a941380101a1bf44d91674959c940165d/corda-node-3.3-corda.jar!/reference.conf: 4
    "keyStorePassword" : "cordacadevpass",
    # /Users/minseongkim/cordapp-example/build/20191114-094538.665/PartyC/node.conf: 54
    # hardcoded value
    "myLegalName" : "O=PartyC, L=Paris, C=FR",
    # /Users/minseongkim/cordapp-example/build/20191114-094538.665/PartyC/node.conf: 56
    # hardcoded value
    "p2pAddress" : "localhost:10002",
    # /Users/minseongkim/cordapp-example/build/20191114-094538.665/PartyC/node.conf: 58
    # merge of hardcoded value,reference.conf @ jar:file:/Users/minseongkim/.gradle/caches/modules-2/files-2.1/net.corda/corda-node/3.3-corda/c617459a941380101a1bf44d91674959c940165d/corda-node-3.3-corda.jar!/reference.conf: 27
    "rpcSettings" : {
        # /Users/minseongkim/cordapp-example/build/20191114-094538.665/PartyC/node.conf: 60
        # hardcoded value
        "address" : "localhost:10014",
        # /Users/minseongkim/cordapp-example/build/20191114-094538.665/PartyC/node.conf: 62
        # hardcoded value
        "adminAddress" : "localhost:10054",
        # /Users/minseongkim/cordapp-example/build/20191114-094538.665/PartyC/node.conf: 64
        # reference.conf @ jar:file:/Users/minseongkim/.gradle/caches/modules-2/files-2.1/net.corda/corda-node/3.3-corda/c617459a941380101a1bf44d91674959c940165d/corda-node-3.3-corda.jar!/reference.conf: 29
        "standAloneBroker" : false,
        # /Users/minseongkim/cordapp-example/build/20191114-094538.665/PartyC/node.conf: 66
        # reference.conf @ jar:file:/Users/minseongkim/.gradle/caches/modules-2/files-2.1/net.corda/corda-node/3.3-corda/c617459a941380101a1bf44d91674959c940165d/corda-node-3.3-corda.jar!/reference.conf: 28
        "useSsl" : false
    },
    # /Users/minseongkim/cordapp-example/build/20191114-094538.665/PartyC/node.conf: 69
    # hardcoded value
    "rpcUsers" : [
        # /Users/minseongkim/cordapp-example/build/20191114-094538.665/PartyC/node.conf: 71
        #  hardcoded value
        {
            # /Users/minseongkim/cordapp-example/build/20191114-094538.665/PartyC/node.conf: 73
            # hardcoded value
            "password" : "test",
            # /Users/minseongkim/cordapp-example/build/20191114-094538.665/PartyC/node.conf: 75
            # hardcoded value
            "permissions" : [
                # /Users/minseongkim/cordapp-example/build/20191114-094538.665/PartyC/node.conf: 77
                #  hardcoded value
                "ALL",
                # /Users/minseongkim/cordapp-example/build/20191114-094538.665/PartyC/node.conf: 79
                #  hardcoded value
                "InvokeRpc.nodeInfo",
                # /Users/minseongkim/cordapp-example/build/20191114-094538.665/PartyC/node.conf: 81
                #  hardcoded value
                "InvokeRpc.networkMapFeed",
                # /Users/minseongkim/cordapp-example/build/20191114-094538.665/PartyC/node.conf: 83
                #  hardcoded value
                "InvokeRpc.networkMapSnapshot",
                # /Users/minseongkim/cordapp-example/build/20191114-094538.665/PartyC/node.conf: 85
                #  hardcoded value
                "InvokeRpc.notaryIdentities",
                # /Users/minseongkim/cordapp-example/build/20191114-094538.665/PartyC/node.conf: 87
                #  hardcoded value
                "InvokeRpc.stateMachinesFeed",
                # /Users/minseongkim/cordapp-example/build/20191114-094538.665/PartyC/node.conf: 89
                #  hardcoded value
                "InvokeRpc.stateMachineRecordedTransactionMappingFeed",
                # /Users/minseongkim/cordapp-example/build/20191114-094538.665/PartyC/node.conf: 91
                #  hardcoded value
                "InvokeRpc.nodeInfoFromParty",
                # /Users/minseongkim/cordapp-example/build/20191114-094538.665/PartyC/node.conf: 93
                #  hardcoded value
                "InvokeRpc.internalVerifiedTransactionsFeed",
                # /Users/minseongkim/cordapp-example/build/20191114-094538.665/PartyC/node.conf: 95
                #  hardcoded value
                "InvokeRpc.vaultQueryBy",
                # /Users/minseongkim/cordapp-example/build/20191114-094538.665/PartyC/node.conf: 97
                #  hardcoded value
                "InvokeRpc.vaultTrackBy",
                # /Users/minseongkim/cordapp-example/build/20191114-094538.665/PartyC/node.conf: 99
                #  hardcoded value
                "InvokeRpc.registeredFlows"
            ],
            # /Users/minseongkim/cordapp-example/build/20191114-094538.665/PartyC/node.conf: 102
            # hardcoded value
            "username" : "user1"
        }
    ],
    # /Users/minseongkim/cordapp-example/build/20191114-094538.665/PartyC/node.conf: 106
    # reference.conf @ jar:file:/Users/minseongkim/.gradle/caches/modules-2/files-2.1/net.corda/corda-node/3.3-corda/c617459a941380101a1bf44d91674959c940165d/corda-node-3.3-corda.jar!/reference.conf: 5
    "trustStorePassword" : "trustpass",
    # web-reference.conf @ jar:file:/Users/minseongkim/.gradle/caches/modules-2/files-2.1/net.corda/corda-webserver-impl/3.3-corda/7467b77ffe5d10f7a60eafba00316ff8a5d22caf/corda-webserver-impl-3.3-corda.jar!/web-reference.conf: 1
    "useHTTPS" : false,
    # /Users/minseongkim/cordapp-example/build/20191114-094538.665/PartyC/node.conf: 108
    # hardcoded value
    "useTestClock" : false,
    # /Users/minseongkim/cordapp-example/build/20191114-094538.665/PartyC/node.conf: 110
    # hardcoded value
    "verifierType" : "InMemory",
    # /Users/minseongkim/cordapp-example/build/20191114-094538.665/PartyC/node.conf: 112
    # hardcoded value
    "webAddress" : "localhost:10015"
}
 {}
[INFO ] 2019-11-14T09:47:17,007Z [main] BasicInfo.logAndMaybePrint - Starting as webserver: localhost:10015 {}
[INFO ] 2019-11-14T09:47:17,161Z [main] internal.NodeWebServer.connectLocalRpcAsNodeUser - Connecting to node at localhost:10014 as User(user1, permissions=[ALL, InvokeRpc.nodeInfo, InvokeRpc.networkMapFeed, InvokeRpc.networkMapSnapshot, InvokeRpc.notaryIdentities, InvokeRpc.stateMachinesFeed, InvokeRpc.stateMachineRecordedTransactionMappingFeed, InvokeRpc.nodeInfoFromParty, InvokeRpc.internalVerifiedTransactionsFeed, InvokeRpc.vaultQueryBy, InvokeRpc.vaultTrackBy, InvokeRpc.registeredFlows]) {}
[INFO ] 2019-11-14T09:47:21,657Z [main] internal.RPCClient.logElapsedTime - Startup took 4179 msec {}
